(THU.CST) os is loading ...

Special kernel symbols:
  entry  0xc0100036 (phys)
  etext  0xc0109be7 (phys)
  edata  0xc0129000 (phys)
  end    0xc012c1a4 (phys)
Kernel executable memory footprint: 177KB
ebp:0xc0125f48 eip:0xc0100a92 args:0x00010094 0x00010094 0xc0125f78 0xc01000cc
    kern/debug/kdebug.c:311: print_stackframe+22
ebp:0xc0125f58 eip:0xc0100d98 args:0x00000000 0x00000000 0x00000000 0xc0125fc8
    kern/debug/kmonitor.c:129: mon_backtrace+10
ebp:0xc0125f78 eip:0xc01000cc args:0x00000000 0xc0125fa0 0xffff0000 0xc0125fa4
    kern/init/init.c:58: grade_backtrace2+19
ebp:0xc0125f98 eip:0xc01000ee args:0x00000000 0xffff0000 0xc0125fc4 0x0000002a
    kern/init/init.c:63: grade_backtrace1+27
ebp:0xc0125fb8 eip:0xc010010b args:0x00000000 0xc0100036 0xffff0000 0xc0100079
    kern/init/init.c:68: grade_backtrace0+19
ebp:0xc0125fd8 eip:0xc010012c args:0x00000000 0x00000000 0x00000000 0xc0109c00
    kern/init/init.c:73: grade_backtrace+26
ebp:0xc0125ff8 eip:0xc0100086 args:0xc0109e10 0xc0109e18 0xc0100d21 0xc0109e37
    kern/init/init.c:33: kern_init+79
memory management: default_pmm_manager
e820map:
  memory: 0009fc00, [00000000, 0009fbff], type = 1.
  memory: 00000400, [0009fc00, 0009ffff], type = 2.
  memory: 00010000, [000f0000, 000fffff], type = 2.
  memory: 07ee0000, [00100000, 07fdffff], type = 1.
  memory: 00020000, [07fe0000, 07ffffff], type = 2.
  memory: 00040000, [fffc0000, ffffffff], type = 2.
check_alloc_page() succeeded!
check_pgdir() succeeded!
check_boot_pgdir() succeeded!
-------------------- BEGIN --------------------
PDE(0e0) c0000000-f8000000 38000000 urw
  |-- PTE(38000) c0000000-f8000000 38000000 -rw
PDE(001) fac00000-fb000000 00400000 -rw
  |-- PTE(000e0) faf00000-fafe0000 000e0000 urw
  |-- PTE(00001) fafeb000-fafec000 00001000 -rw
--------------------- END ---------------------
use SLOB allocator
kmalloc_init() succeeded!
check_vma_struct() succeeded!
page fault at 0x00000100: K/W [no page found].
check_pgfault() succeeded!
check_vmm() succeeded.
kernel panic at kern/process/proc.c:353:
    create init_main failed.

stack trackback:
ebp:0xc0125f88 eip:0xc0100a92 args:0x00000008 0x00000000 0x00000000 0xc0125fbc
    kern/debug/kdebug.c:311: print_stackframe+22
ebp:0xc0125fa8 eip:0xc0100464 args:0xc010bdc1 0x00000161 0xc010be62 0xc0108d7f
    kern/debug/panic.c:27: __panic+107
ebp:0xc0125fd8 eip:0xc0108e38 args:0x00000000 0x00000000 0x00000000 0xc0109c00
    kern/process/proc.c:353: proc_init+278
ebp:0xc0125ff8 eip:0xc010009f args:0xc0109e10 0xc0109e18 0xc0100d21 0xc0109e37
    kern/init/init.c:41: kern_init+104
Welcome to the kernel debug monitor!!
Type 'help' for a list of commands.
K> 