(THU.CST) os is loading ...

Special kernel symbols:
  entry  0xc0100036 (phys)
  etext  0xc010babb (phys)
  edata  0xc019f000 (phys)
  end    0xc01a21a4 (phys)
Kernel executable memory footprint: 649KB
ebp:0xc012af48 eip:0xc0100b69 args:0x00010094 0x00010094 0xc012af78 0xc01000cc
    kern/debug/kdebug.c:353: print_stackframe+22
ebp:0xc012af58 eip:0xc0100e6f args:0x00000000 0x00000000 0x00000000 0xc012afc8
    kern/debug/kmonitor.c:129: mon_backtrace+10
ebp:0xc012af78 eip:0xc01000cc args:0x00000000 0xc012afa0 0xffff0000 0xc012afa4
    kern/init/init.c:58: grade_backtrace2+19
ebp:0xc012af98 eip:0xc01000ee args:0x00000000 0xffff0000 0xc012afc4 0x0000002a
    kern/init/init.c:63: grade_backtrace1+27
ebp:0xc012afb8 eip:0xc010010b args:0x00000000 0xc0100036 0xffff0000 0xc0100079
    kern/init/init.c:68: grade_backtrace0+19
ebp:0xc012afd8 eip:0xc010012c args:0x00000000 0x00000000 0x00000000 0xc010bac0
    kern/init/init.c:73: grade_backtrace+26
ebp:0xc012aff8 eip:0xc0100086 args:0xc010bcd0 0xc010bcd8 0xc0100df8 0xc010bcf7
    kern/init/init.c:33: kern_init+79
memory management: default_pmm_manager
e820map:
  memory: 0009fc00, [00000000, 0009fbff], type = 1.
  memory: 00000400, [0009fc00, 0009ffff], type = 2.
  memory: 00010000, [000f0000, 000fffff], type = 2.
  memory: 07ee0000, [00100000, 07fdffff], type = 1.
  memory: 00020000, [07fe0000, 07ffffff], type = 2.
  memory: 00040000, [fffc0000, ffffffff], type = 2.
check_alloc_page() succeeded!
check_pgdir() succeeded!
check_boot_pgdir() succeeded!
-------------------- BEGIN --------------------
PDE(0e0) c0000000-f8000000 38000000 urw
  |-- PTE(38000) c0000000-f8000000 38000000 -rw
PDE(001) fac00000-fb000000 00400000 -rw
  |-- PTE(000e0) faf00000-fafe0000 000e0000 urw
  |-- PTE(00001) fafeb000-fafec000 00001000 -rw
--------------------- END ---------------------
use SLOB allocator
kmalloc_init() succeeded!
check_vma_struct() succeeded!
page fault at 0x00000100: K/W [no page found].
check_pgfault() succeeded!
check_vmm() succeeded.
ide 0:      10000(sectors), 'QEMU HARDDISK'.
ide 1:     262144(sectors), 'QEMU HARDDISK'.
SWAP: manager = fifo swap manager
BEGIN check_swap: count 1, total 31835
setup Page Table for vaddr 0X1000, so alloc a page
setup Page Table vaddr 0~4MB OVER!
set up init env for check_swap begin!
page fault at 0x00001000: K/W [no page found].
page fault at 0x00002000: K/W [no page found].
page fault at 0x00003000: K/W [no page found].
page fault at 0x00004000: K/W [no page found].
set up init env for check_swap over!
write Virt Page c in fifo_check_swap
write Virt Page a in fifo_check_swap
write Virt Page d in fifo_check_swap
write Virt Page b in fifo_check_swap
write Virt Page e in fifo_check_swap
page fault at 0x00005000: K/W [no page found].
swap_out: i 0, store page in vaddr 0x1000 to disk swap entry 2
write Virt Page b in fifo_check_swap
write Virt Page a in fifo_check_swap
page fault at 0x00001000: K/W [no page found].
swap_out: i 0, store page in vaddr 0x2000 to disk swap entry 3
swap_in: load disk swap entry 2 with swap_page in vadr 0x1000
write Virt Page b in fifo_check_swap
page fault at 0x00002000: K/W [no page found].
swap_out: i 0, store page in vaddr 0x3000 to disk swap entry 4
swap_in: load disk swap entry 3 with swap_page in vadr 0x2000
write Virt Page c in fifo_check_swap
page fault at 0x00003000: K/W [no page found].
swap_out: i 0, store page in vaddr 0x4000 to disk swap entry 5
swap_in: load disk swap entry 4 with swap_page in vadr 0x3000
write Virt Page d in fifo_check_swap
page fault at 0x00004000: K/W [no page found].
swap_out: i 0, store page in vaddr 0x5000 to disk swap entry 6
swap_in: load disk swap entry 5 with swap_page in vadr 0x4000
write Virt Page e in fifo_check_swap
page fault at 0x00005000: K/W [no page found].
swap_out: i 0, store page in vaddr 0x1000 to disk swap entry 2
swap_in: load disk swap entry 6 with swap_page in vadr 0x5000
write Virt Page a in fifo_check_swap
page fault at 0x00001000: K/R [no page found].
swap_out: i 0, store page in vaddr 0x2000 to disk swap entry 3
swap_in: load disk swap entry 2 with swap_page in vadr 0x1000
count is 0, total is 5
check_swap() succeeded!
++ setup timer interrupts
100 ticks
End of Test.
kernel panic at kern/trap/trap.c:25:
    EOT: kernel seems ok.
stack trackback:
ebp:0xc0384ea4 eip:0xc0100b69 args:0xc0384ebc 0xc010abca 0xc0384ed0 0xc0384ed8
    kern/debug/kdebug.c:353: print_stackframe+22
ebp:0xc0384ec4 eip:0xc0100464 args:0xc010bf4e 0x00000019 0xc010bf38 0xc01a07c8
    kern/debug/panic.c:27: __panic+107
ebp:0xc0384ee4 eip:0xc01021fa args:0xc0384f3c 0xc0109d36 0xc0382118 0x00000000
    kern/trap/trap.c:25: print_ticks+59
ebp:0xc0384f14 eip:0xc01028d1 args:0xc0384f50 0xc0382170 0xc01a219c 0x00000001
    kern/trap/trap.c:239: trap_dispatch+332
ebp:0xc0384f44 eip:0xc0102a76 args:0xc0384f50 0x00000000 0x00000000 0xc0384fac
    kern/trap/trap.c:310: trap+80
ebp:0xc0384fac eip:0xc0103542 args:0x00000000 0x00000000 0x00000000 0xc010a89e
    kern/trap/trapentry.S:24: <unknown>+0
ebp:0xc0384fec eip:0xc010a8e6 args:0x00000000 0x00000000 0x00000010 0x00000000
    kern/process/proc.c:840: init_main+90
Welcome to the kernel debug monitor!!
Type 'help' for a list of commands.
K> 