(THU.CST) os is loading ...

Special kernel symbols:
  entry  0xc0100036 (phys)
  etext  0xc0108c87 (phys)
  edata  0xc0124000 (phys)
  end    0xc012515c (phys)
Kernel executable memory footprint: 149KB
ebp:0xc0120f48 eip:0xc0100a75 args:0x00010094 0x00010094 0xc0120f78 0xc01000c4
    kern/debug/kdebug.c:311: print_stackframe+22
ebp:0xc0120f58 eip:0xc0100d7b args:0x00000000 0x00000000 0x00000000 0xc0120fc8
    kern/debug/kmonitor.c:129: mon_backtrace+10
ebp:0xc0120f78 eip:0xc01000c4 args:0x00000000 0xc0120fa0 0xffff0000 0xc0120fa4
    kern/init/init.c:57: grade_backtrace2+19
ebp:0xc0120f98 eip:0xc01000e6 args:0x00000000 0xffff0000 0xc0120fc4 0x0000002a
    kern/init/init.c:62: grade_backtrace1+27
ebp:0xc0120fb8 eip:0xc0100103 args:0x00000000 0xc0100036 0xffff0000 0xc0100079
    kern/init/init.c:67: grade_backtrace0+19
ebp:0xc0120fd8 eip:0xc0100124 args:0x00000000 0x00000000 0x00000000 0xc0108ca0
    kern/init/init.c:72: grade_backtrace+26
ebp:0xc0120ff8 eip:0xc0100086 args:0xc0108ea0 0xc0108ea8 0xc0100d04 0xc0108ec7
    kern/init/init.c:32: kern_init+79
memory management: default_pmm_manager
e820map:
  memory: 0009fc00, [00000000, 0009fbff], type = 1.
  memory: 00000400, [0009fc00, 0009ffff], type = 2.
  memory: 00010000, [000f0000, 000fffff], type = 2.
  memory: 07ee0000, [00100000, 07fdffff], type = 1.
  memory: 00020000, [07fe0000, 07ffffff], type = 2.
  memory: 00040000, [fffc0000, ffffffff], type = 2.
check_alloc_page() succeeded!
check_pgdir() succeeded!
check_boot_pgdir() succeeded!
-------------------- BEGIN --------------------
PDE(0e0) c0000000-f8000000 38000000 urw
  |-- PTE(38000) c0000000-f8000000 38000000 -rw
PDE(001) fac00000-fb000000 00400000 -rw
  |-- PTE(000e0) faf00000-fafe0000 000e0000 urw
  |-- PTE(00001) fafeb000-fafec000 00001000 -rw
--------------------- END ---------------------
check_vma_struct() succeeded!
page fault at 0x00000100: K/W [no page found].
check_pgfault() succeeded!
check_vmm() succeeded.
ide 0:      10000(sectors), 'QEMU HARDDISK'.
ide 1:     262144(sectors), 'QEMU HARDDISK'.
SWAP: manager = enclock swap manager
BEGIN check_swap: count 1, total 31963
setup Page Table for vaddr 0X1000, so alloc a page
setup Page Table vaddr 0~4MB OVER!
set up init env for check_swap begin!
page fault at 0x00001000: K/W [no page found].
page fault at 0x00002000: K/W [no page found].
page fault at 0x00003000: K/W [no page found].
page fault at 0x00004000: K/W [no page found].
set up init env for check_swap over!
PTEs resetting...
PTEs reseted!
read Virt Page c in enclock_check_swap
write Virt Page a in enclock_check_swap
read Virt Page d in enclock_check_swap
write Virt Page b in enclock_check_swap
write Virt Page e in enclock_check_swap
page fault at 0x00005000: K/W [no page found].
-------------------------
va: 0x1000, pte: 0x308067 A: 0x20, D: 0x40
va: 0x2000, pte: 0x309067 A: 0x20, D: 0x40
va: 0x3000, pte: 0x30a027 A: 0x20, D: 0x0
va: 0x4000, pte: 0x30b027 A: 0x20, D: 0x0
-------------------------
-------------------------
va: 0x1000, pte: 0x308047 A: 0x0, D: 0x40
va: 0x2000, pte: 0x309067 A: 0x20, D: 0x40
va: 0x3000, pte: 0x30a027 A: 0x20, D: 0x0
va: 0x4000, pte: 0x30b027 A: 0x20, D: 0x0
-------------------------
-------------------------
va: 0x1000, pte: 0x308047 A: 0x0, D: 0x40
va: 0x2000, pte: 0x309047 A: 0x0, D: 0x40
va: 0x3000, pte: 0x30a027 A: 0x20, D: 0x0
va: 0x4000, pte: 0x30b027 A: 0x20, D: 0x0
-------------------------
-------------------------
va: 0x1000, pte: 0x308047 A: 0x0, D: 0x40
va: 0x2000, pte: 0x309047 A: 0x0, D: 0x40
va: 0x3000, pte: 0x30a007 A: 0x0, D: 0x0
va: 0x4000, pte: 0x30b027 A: 0x20, D: 0x0
-------------------------
-------------------------
va: 0x1000, pte: 0x308047 A: 0x0, D: 0x40
va: 0x2000, pte: 0x309047 A: 0x0, D: 0x40
va: 0x3000, pte: 0x30a007 A: 0x0, D: 0x0
va: 0x4000, pte: 0x30b007 A: 0x0, D: 0x0
-------------------------
write 0x1000 to disk
-------------------------
va: 0x1000, pte: 0x308007 A: 0x0, D: 0x0
va: 0x2000, pte: 0x309047 A: 0x0, D: 0x40
va: 0x3000, pte: 0x30a007 A: 0x0, D: 0x0
va: 0x4000, pte: 0x30b007 A: 0x0, D: 0x0
-------------------------
write 0x2000 to disk
-------------------------
va: 0x1000, pte: 0x308007 A: 0x0, D: 0x0
va: 0x2000, pte: 0x309007 A: 0x0, D: 0x0
va: 0x3000, pte: 0x30a007 A: 0x0, D: 0x0
va: 0x4000, pte: 0x30b007 A: 0x0, D: 0x0
-------------------------
victim is 0x3000
swap_out: i 0, store page in vaddr 0x3000 to disk swap entry 4
read Virt Page b in enclock_check_swap
write Virt Page a in enclock_check_swap
read Virt Page b in enclock_check_swap
read Virt Page c in enclock_check_swap
page fault at 0x00003000: K/R [no page found].
-------------------------
va: 0x1000, pte: 0x308067 A: 0x20, D: 0x40
va: 0x2000, pte: 0x309027 A: 0x20, D: 0x0
va: 0x3000, pte: 0x400 A: 0x0, D: 0x0
va: 0x4000, pte: 0x30b007 A: 0x0, D: 0x0
-------------------------
victim is 0x4000
swap_out: i 0, store page in vaddr 0x4000 to disk swap entry 5
swap_in: load disk swap entry 4 with swap_page in vadr 0x3000
read Virt Page d in enclock_check_swap
page fault at 0x00004000: K/R [no page found].
-------------------------
va: 0x1000, pte: 0x308067 A: 0x20, D: 0x40
va: 0x2000, pte: 0x309027 A: 0x20, D: 0x0
va: 0x3000, pte: 0x30b027 A: 0x20, D: 0x0
va: 0x4000, pte: 0x500 A: 0x0, D: 0x0
-------------------------
-------------------------
va: 0x1000, pte: 0x308067 A: 0x20, D: 0x40
va: 0x2000, pte: 0x309027 A: 0x20, D: 0x0
va: 0x3000, pte: 0x30b027 A: 0x20, D: 0x0
va: 0x4000, pte: 0x500 A: 0x0, D: 0x0
-------------------------
-------------------------
va: 0x1000, pte: 0x308067 A: 0x20, D: 0x40
va: 0x2000, pte: 0x309027 A: 0x20, D: 0x0
va: 0x3000, pte: 0x30b007 A: 0x0, D: 0x0
va: 0x4000, pte: 0x500 A: 0x0, D: 0x0
-------------------------
-------------------------
va: 0x1000, pte: 0x308047 A: 0x0, D: 0x40
va: 0x2000, pte: 0x309027 A: 0x20, D: 0x0
va: 0x3000, pte: 0x30b007 A: 0x0, D: 0x0
va: 0x4000, pte: 0x500 A: 0x0, D: 0x0
-------------------------
-------------------------
va: 0x1000, pte: 0x308047 A: 0x0, D: 0x40
va: 0x2000, pte: 0x309007 A: 0x0, D: 0x0
va: 0x3000, pte: 0x30b007 A: 0x0, D: 0x0
va: 0x4000, pte: 0x500 A: 0x0, D: 0x0
-------------------------
write 0x5000 to disk
-------------------------
va: 0x1000, pte: 0x308047 A: 0x0, D: 0x40
va: 0x2000, pte: 0x309007 A: 0x0, D: 0x0
va: 0x3000, pte: 0x30b007 A: 0x0, D: 0x0
va: 0x4000, pte: 0x500 A: 0x0, D: 0x0
-------------------------
victim is 0x3000
swap_out: i 0, store page in vaddr 0x3000 to disk swap entry 4
swap_in: load disk swap entry 5 with swap_page in vadr 0x4000
count is 0, total is 7
check_swap() succeeded!
++ setup timer interrupts
100 ticks
End of Test.
kernel panic at kern/trap/trap.c:20:
    EOT: kernel seems ok.
Welcome to the kernel debug monitor!!
Type 'help' for a list of commands.
K> 