(THU.CST) os is loading ...

Special kernel symbols:
  entry  0xc0100036 (phys)
  etext  0xc010834e (phys)
  edata  0xc0122000 (phys)
  end    0xc012315c (phys)
Kernel executable memory footprint: 141KB
ebp:0xc011ef48 eip:0xc0100a75 args:0x00010094 0x00010094 0xc011ef78 0xc01000c4
    kern/debug/kdebug.c:311: print_stackframe+22
ebp:0xc011ef58 eip:0xc0100d7b args:0x00000000 0x00000000 0x00000000 0xc011efc8
    kern/debug/kmonitor.c:129: mon_backtrace+10
ebp:0xc011ef78 eip:0xc01000c4 args:0x00000000 0xc011efa0 0xffff0000 0xc011efa4
    kern/init/init.c:57: grade_backtrace2+19
ebp:0xc011ef98 eip:0xc01000e6 args:0x00000000 0xffff0000 0xc011efc4 0x0000002a
    kern/init/init.c:62: grade_backtrace1+27
ebp:0xc011efb8 eip:0xc0100103 args:0x00000000 0xc0100036 0xffff0000 0xc0100079
    kern/init/init.c:67: grade_backtrace0+19
ebp:0xc011efd8 eip:0xc0100124 args:0x00000000 0x00000000 0x00000000 0xc0108360
    kern/init/init.c:72: grade_backtrace+26
ebp:0xc011eff8 eip:0xc0100086 args:0xc0108560 0xc0108568 0xc0100d04 0xc0108587
    kern/init/init.c:32: kern_init+79
memory management: default_pmm_manager
e820map:
  memory: 0009fc00, [00000000, 0009fbff], type = 1.
  memory: 00000400, [0009fc00, 0009ffff], type = 2.
  memory: 00010000, [000f0000, 000fffff], type = 2.
  memory: 07ee0000, [00100000, 07fdffff], type = 1.
  memory: 00020000, [07fe0000, 07ffffff], type = 2.
  memory: 00040000, [fffc0000, ffffffff], type = 2.
check_alloc_page() succeeded!
check_pgdir() succeeded!
check_boot_pgdir() succeeded!
-------------------- BEGIN --------------------
PDE(0e0) c0000000-f8000000 38000000 urw
  |-- PTE(38000) c0000000-f8000000 38000000 -rw
PDE(001) fac00000-fb000000 00400000 -rw
  |-- PTE(000e0) faf00000-fafe0000 000e0000 urw
  |-- PTE(00001) fafeb000-fafec000 00001000 -rw
--------------------- END ---------------------
check_vma_struct() succeeded!
page fault at 0x00000100: K/W [no page found].
check_pgfault() succeeded!
check_vmm() succeeded.
ide 0:      10000(sectors), 'QEMU HARDDISK'.
ide 1:     262144(sectors), 'QEMU HARDDISK'.
SWAP: manager = fifo swap manager
BEGIN check_swap: count 1, total 31965
setup Page Table for vaddr 0X1000, so alloc a page
setup Page Table vaddr 0~4MB OVER!
set up init env for check_swap begin!
page fault at 0x00001000: K/W [no page found].
page fault at 0x00002000: K/W [no page found].
page fault at 0x00003000: K/W [no page found].
page fault at 0x00004000: K/W [no page found].
set up init env for check_swap over!
write Virt Page c in fifo_check_swap
write Virt Page a in fifo_check_swap
write Virt Page d in fifo_check_swap
write Virt Page b in fifo_check_swap
write Virt Page e in fifo_check_swap
page fault at 0x00005000: K/W [no page found].
page fault at 0x0000001b: K/R [no page found].
not valid addr 1b, and  can not find it in vma
trapframe at 0xc011ed34
  edi  0x0000807c
  esi  0x00010094
  ebp  0xc011eda0
  oesp 0xc011ed54
  ebx  0x00010094
  edx  0xc011ed84
  ecx  0x00005000
  eax  0xffffffff
  ds   0x----0010
  es   0x----0010
  fs   0x----0023
  gs   0x----0023
  trap 0x0000000e Page Fault
  err  0x00000000
  eip  0xc010441a
  cs   0x----0008
  flag 0x00000046 PF,ZF,IOPL=0
kernel panic at kern/trap/trap.c:189:
    handle pgfault failed. invalid parameter

Welcome to the kernel debug monitor!!
Type 'help' for a list of commands.
K> 